<?xml version="1.0" encoding="UTF-8"?>
<!-- Generated by org.testng.reporters.JUnitXMLReporter -->
<testsuite hostname="BGHWC115686" ignored="0" name="Test" tests="5" failures="4" timestamp="18 Apr 2018 12:43:04 GMT" time="119.117" errors="0">
  <testcase name="testLoginTC01" time="44.129" classname="com.calamp.colt.test.smoke.Login"/>
  <testcase name="createAcc" time="74.939" classname="com.calamp.colt.test.regression.Account">
    <failure type="org.openqa.selenium.WebDriverException" message="Failed to decode response from marionette
Build info: version: &amp;apos;3.11.0&amp;apos;, revision: &amp;apos;e59cfb3&amp;apos;, time: &amp;apos;2018-03-11T20:33:08.638Z&amp;apos;
System info: host: &amp;apos;BGHWC115686&amp;apos;, ip: &amp;apos;10.203.214.192&amp;apos;, os.name: &amp;apos;Windows 8.1&amp;apos;, os.arch: &amp;apos;amd64&amp;apos;, os.version: &amp;apos;6.3&amp;apos;, java.version: &amp;apos;1.8.0_51&amp;apos;
Driver info: org.openqa.selenium.firefox.FirefoxDriver
Capabilities {acceptInsecureCerts: true, browserName: firefox, browserVersion: 55.0.3, javascriptEnabled: true, moz:accessibilityChecks: false, moz:processID: 14608, moz:profile: C:\Users\bgh39548\AppData\L..., pageLoadStrategy: normal, platform: XP, platformName: XP, platformVersion: 10.0, rotatable: false, specificationLevel: 0, timeouts: {implicit: 0, pageLoad: 300000, script: 30000}}
Session ID: 1ebd9de0-1b9f-4d8e-be20-04bdca6d3b5f">
      <![CDATA[org.openqa.selenium.WebDriverException: Failed to decode response from marionetteBuild info: version: '3.11.0', revision: 'e59cfb3', time: '2018-03-11T20:33:08.638Z'System info: host: 'BGHWC115686', ip: '10.203.214.192', os.name: 'Windows 8.1', os.arch: 'amd64', os.version: '6.3', java.version: '1.8.0_51'Driver info: org.openqa.selenium.firefox.FirefoxDriverCapabilities {acceptInsecureCerts: true, browserName: firefox, browserVersion: 55.0.3, javascriptEnabled: true, moz:accessibilityChecks: false, moz:processID: 14608, moz:profile: C:\Users\bgh39548\AppData\L..., pageLoadStrategy: normal, platform: XP, platformName: XP, platformVersion: 10.0, rotatable: false, specificationLevel: 0, timeouts: {implicit: 0, pageLoad: 300000, script: 30000}}Session ID: 1ebd9de0-1b9f-4d8e-be20-04bdca6d3b5fat org.openqa.selenium.remote.http.W3CHttpResponseCodec.createException(W3CHttpResponseCodec.java:187)at org.openqa.selenium.remote.http.W3CHttpResponseCodec.decode(W3CHttpResponseCodec.java:122)at org.openqa.selenium.remote.http.W3CHttpResponseCodec.decode(W3CHttpResponseCodec.java:49)at org.openqa.selenium.remote.HttpCommandExecutor.execute(HttpCommandExecutor.java:158)at org.openqa.selenium.remote.service.DriverCommandExecutor.execute(DriverCommandExecutor.java:83)at org.openqa.selenium.remote.RemoteWebDriver.execute(RemoteWebDriver.java:545)at org.openqa.selenium.remote.RemoteWebDriver.execute(RemoteWebDriver.java:602)at org.openqa.selenium.remote.RemoteWebDriver$RemoteTargetLocator.alert(RemoteWebDriver.java:931)at org.openqa.selenium.support.ui.ExpectedConditions$28.apply(ExpectedConditions.java:822)at org.openqa.selenium.support.ui.ExpectedConditions$28.apply(ExpectedConditions.java:818)at org.openqa.selenium.support.ui.FluentWait.until(FluentWait.java:248)at com.calamp.colt.ui.AccountPage.waitForSuccessAlert(AccountPage.java:32)at com.calamp.colt.test.regression.Account.createAcc(Account.java:89)... Removed 29 stack frames]]>
    </failure>
  </testcase> <!-- createAcc -->
  <testcase name="testLoginTC01" time="0.003" classname="com.calamp.colt.test.smoke.Login">
    <failure type="org.openqa.selenium.SessionNotCreatedException" message="Tried to run command without establishing a connection
Build info: version: &amp;apos;3.11.0&amp;apos;, revision: &amp;apos;e59cfb3&amp;apos;, time: &amp;apos;2018-03-11T20:33:08.638Z&amp;apos;
System info: host: &amp;apos;BGHWC115686&amp;apos;, ip: &amp;apos;10.203.214.192&amp;apos;, os.name: &amp;apos;Windows 8.1&amp;apos;, os.arch: &amp;apos;amd64&amp;apos;, os.version: &amp;apos;6.3&amp;apos;, java.version: &amp;apos;1.8.0_51&amp;apos;
Driver info: org.openqa.selenium.firefox.FirefoxDriver
Capabilities {acceptInsecureCerts: true, browserName: firefox, browserVersion: 55.0.3, javascriptEnabled: true, moz:accessibilityChecks: false, moz:processID: 14608, moz:profile: C:\Users\bgh39548\AppData\L..., pageLoadStrategy: normal, platform: XP, platformName: XP, platformVersion: 10.0, rotatable: false, specificationLevel: 0, timeouts: {implicit: 0, pageLoad: 300000, script: 30000}}
Session ID: 1ebd9de0-1b9f-4d8e-be20-04bdca6d3b5f
*** Element info: {Using=css selector, value=.login_wrap}">
      <![CDATA[org.openqa.selenium.SessionNotCreatedException: Tried to run command without establishing a connectionBuild info: version: '3.11.0', revision: 'e59cfb3', time: '2018-03-11T20:33:08.638Z'System info: host: 'BGHWC115686', ip: '10.203.214.192', os.name: 'Windows 8.1', os.arch: 'amd64', os.version: '6.3', java.version: '1.8.0_51'Driver info: org.openqa.selenium.firefox.FirefoxDriverCapabilities {acceptInsecureCerts: true, browserName: firefox, browserVersion: 55.0.3, javascriptEnabled: true, moz:accessibilityChecks: false, moz:processID: 14608, moz:profile: C:\Users\bgh39548\AppData\L..., pageLoadStrategy: normal, platform: XP, platformName: XP, platformVersion: 10.0, rotatable: false, specificationLevel: 0, timeouts: {implicit: 0, pageLoad: 300000, script: 30000}}Session ID: 1ebd9de0-1b9f-4d8e-be20-04bdca6d3b5f*** Element info: {Using=css selector, value=.login_wrap}at org.openqa.selenium.remote.http.W3CHttpResponseCodec.createException(W3CHttpResponseCodec.java:187)at org.openqa.selenium.remote.http.W3CHttpResponseCodec.decode(W3CHttpResponseCodec.java:122)at org.openqa.selenium.remote.http.W3CHttpResponseCodec.decode(W3CHttpResponseCodec.java:49)at org.openqa.selenium.remote.HttpCommandExecutor.execute(HttpCommandExecutor.java:158)at org.openqa.selenium.remote.service.DriverCommandExecutor.execute(DriverCommandExecutor.java:83)at org.openqa.selenium.remote.RemoteWebDriver.execute(RemoteWebDriver.java:545)at org.openqa.selenium.remote.RemoteWebDriver.findElements(RemoteWebDriver.java:346)at org.openqa.selenium.remote.RemoteWebDriver.findElementsByCssSelector(RemoteWebDriver.java:417)at org.openqa.selenium.By$ByCssSelector.findElements(By.java:441)at org.openqa.selenium.remote.RemoteWebDriver.findElements(RemoteWebDriver.java:307)at org.openqa.selenium.support.ui.ExpectedConditions.findElements(ExpectedConditions.java:914)at org.openqa.selenium.support.ui.ExpectedConditions.access$200(ExpectedConditions.java:44)at org.openqa.selenium.support.ui.ExpectedConditions$8.apply(ExpectedConditions.java:232)at org.openqa.selenium.support.ui.ExpectedConditions$8.apply(ExpectedConditions.java:229)at org.openqa.selenium.support.ui.FluentWait.until(FluentWait.java:248)at com.calamp.colt.ui.LoginPage.waitForLoginPageToLoad(LoginPage.java:42)at com.calamp.colt.test.smoke.Login.testLoginTC01(Login.java:28)... Removed 29 stack frames]]>
    </failure>
  </testcase> <!-- testLoginTC01 -->
  <testcase name="AdvancedSearch" time="0.005" classname="com.calamp.colt.test.regression.Dashboard">
    <failure type="org.openqa.selenium.SessionNotCreatedException" message="Tried to run command without establishing a connection
Build info: version: &amp;apos;3.11.0&amp;apos;, revision: &amp;apos;e59cfb3&amp;apos;, time: &amp;apos;2018-03-11T20:33:08.638Z&amp;apos;
System info: host: &amp;apos;BGHWC115686&amp;apos;, ip: &amp;apos;10.203.214.192&amp;apos;, os.name: &amp;apos;Windows 8.1&amp;apos;, os.arch: &amp;apos;amd64&amp;apos;, os.version: &amp;apos;6.3&amp;apos;, java.version: &amp;apos;1.8.0_51&amp;apos;
Driver info: org.openqa.selenium.firefox.FirefoxDriver
Capabilities {acceptInsecureCerts: true, browserName: firefox, browserVersion: 55.0.3, javascriptEnabled: true, moz:accessibilityChecks: false, moz:processID: 14608, moz:profile: C:\Users\bgh39548\AppData\L..., pageLoadStrategy: normal, platform: XP, platformName: XP, platformVersion: 10.0, rotatable: false, specificationLevel: 0, timeouts: {implicit: 0, pageLoad: 300000, script: 30000}}
Session ID: 1ebd9de0-1b9f-4d8e-be20-04bdca6d3b5f
*** Element info: {Using=css selector, value=.search_options}">
      <![CDATA[org.openqa.selenium.SessionNotCreatedException: Tried to run command without establishing a connectionBuild info: version: '3.11.0', revision: 'e59cfb3', time: '2018-03-11T20:33:08.638Z'System info: host: 'BGHWC115686', ip: '10.203.214.192', os.name: 'Windows 8.1', os.arch: 'amd64', os.version: '6.3', java.version: '1.8.0_51'Driver info: org.openqa.selenium.firefox.FirefoxDriverCapabilities {acceptInsecureCerts: true, browserName: firefox, browserVersion: 55.0.3, javascriptEnabled: true, moz:accessibilityChecks: false, moz:processID: 14608, moz:profile: C:\Users\bgh39548\AppData\L..., pageLoadStrategy: normal, platform: XP, platformName: XP, platformVersion: 10.0, rotatable: false, specificationLevel: 0, timeouts: {implicit: 0, pageLoad: 300000, script: 30000}}Session ID: 1ebd9de0-1b9f-4d8e-be20-04bdca6d3b5f*** Element info: {Using=css selector, value=.search_options}at org.openqa.selenium.remote.http.W3CHttpResponseCodec.createException(W3CHttpResponseCodec.java:187)at org.openqa.selenium.remote.http.W3CHttpResponseCodec.decode(W3CHttpResponseCodec.java:122)at org.openqa.selenium.remote.http.W3CHttpResponseCodec.decode(W3CHttpResponseCodec.java:49)at org.openqa.selenium.remote.HttpCommandExecutor.execute(HttpCommandExecutor.java:158)at org.openqa.selenium.remote.service.DriverCommandExecutor.execute(DriverCommandExecutor.java:83)at org.openqa.selenium.remote.RemoteWebDriver.execute(RemoteWebDriver.java:545)at org.openqa.selenium.remote.RemoteWebDriver.findElements(RemoteWebDriver.java:346)at org.openqa.selenium.remote.RemoteWebDriver.findElementsByCssSelector(RemoteWebDriver.java:417)at org.openqa.selenium.By$ByCssSelector.findElements(By.java:441)at org.openqa.selenium.remote.RemoteWebDriver.findElements(RemoteWebDriver.java:307)at org.openqa.selenium.support.ui.ExpectedConditions.findElements(ExpectedConditions.java:914)at org.openqa.selenium.support.ui.ExpectedConditions.access$200(ExpectedConditions.java:44)at org.openqa.selenium.support.ui.ExpectedConditions$8.apply(ExpectedConditions.java:232)at org.openqa.selenium.support.ui.ExpectedConditions$8.apply(ExpectedConditions.java:229)at org.openqa.selenium.support.ui.FluentWait.until(FluentWait.java:248)at com.calamp.colt.ui.DashboardPage.waitForSearchBoxToLoad(DashboardPage.java:17)at com.calamp.colt.test.regression.Dashboard.AdvancedSearch(Dashboard.java:36)... Removed 29 stack frames]]>
    </failure>
  </testcase> <!-- AdvancedSearch -->
  <testcase name="testLoginTC01" time="0.007" classname="com.calamp.colt.test.smoke.Login">
    <failure type="org.openqa.selenium.SessionNotCreatedException" message="Tried to run command without establishing a connection
Build info: version: &amp;apos;3.11.0&amp;apos;, revision: &amp;apos;e59cfb3&amp;apos;, time: &amp;apos;2018-03-11T20:33:08.638Z&amp;apos;
System info: host: &amp;apos;BGHWC115686&amp;apos;, ip: &amp;apos;10.203.214.192&amp;apos;, os.name: &amp;apos;Windows 8.1&amp;apos;, os.arch: &amp;apos;amd64&amp;apos;, os.version: &amp;apos;6.3&amp;apos;, java.version: &amp;apos;1.8.0_51&amp;apos;
Driver info: org.openqa.selenium.firefox.FirefoxDriver
Capabilities {acceptInsecureCerts: true, browserName: firefox, browserVersion: 55.0.3, javascriptEnabled: true, moz:accessibilityChecks: false, moz:processID: 14608, moz:profile: C:\Users\bgh39548\AppData\L..., pageLoadStrategy: normal, platform: XP, platformName: XP, platformVersion: 10.0, rotatable: false, specificationLevel: 0, timeouts: {implicit: 0, pageLoad: 300000, script: 30000}}
Session ID: 1ebd9de0-1b9f-4d8e-be20-04bdca6d3b5f
*** Element info: {Using=css selector, value=.login_wrap}">
      <![CDATA[org.openqa.selenium.SessionNotCreatedException: Tried to run command without establishing a connectionBuild info: version: '3.11.0', revision: 'e59cfb3', time: '2018-03-11T20:33:08.638Z'System info: host: 'BGHWC115686', ip: '10.203.214.192', os.name: 'Windows 8.1', os.arch: 'amd64', os.version: '6.3', java.version: '1.8.0_51'Driver info: org.openqa.selenium.firefox.FirefoxDriverCapabilities {acceptInsecureCerts: true, browserName: firefox, browserVersion: 55.0.3, javascriptEnabled: true, moz:accessibilityChecks: false, moz:processID: 14608, moz:profile: C:\Users\bgh39548\AppData\L..., pageLoadStrategy: normal, platform: XP, platformName: XP, platformVersion: 10.0, rotatable: false, specificationLevel: 0, timeouts: {implicit: 0, pageLoad: 300000, script: 30000}}Session ID: 1ebd9de0-1b9f-4d8e-be20-04bdca6d3b5f*** Element info: {Using=css selector, value=.login_wrap}at org.openqa.selenium.remote.http.W3CHttpResponseCodec.createException(W3CHttpResponseCodec.java:187)at org.openqa.selenium.remote.http.W3CHttpResponseCodec.decode(W3CHttpResponseCodec.java:122)at org.openqa.selenium.remote.http.W3CHttpResponseCodec.decode(W3CHttpResponseCodec.java:49)at org.openqa.selenium.remote.HttpCommandExecutor.execute(HttpCommandExecutor.java:158)at org.openqa.selenium.remote.service.DriverCommandExecutor.execute(DriverCommandExecutor.java:83)at org.openqa.selenium.remote.RemoteWebDriver.execute(RemoteWebDriver.java:545)at org.openqa.selenium.remote.RemoteWebDriver.findElements(RemoteWebDriver.java:346)at org.openqa.selenium.remote.RemoteWebDriver.findElementsByCssSelector(RemoteWebDriver.java:417)at org.openqa.selenium.By$ByCssSelector.findElements(By.java:441)at org.openqa.selenium.remote.RemoteWebDriver.findElements(RemoteWebDriver.java:307)at org.openqa.selenium.support.ui.ExpectedConditions.findElements(ExpectedConditions.java:914)at org.openqa.selenium.support.ui.ExpectedConditions.access$200(ExpectedConditions.java:44)at org.openqa.selenium.support.ui.ExpectedConditions$8.apply(ExpectedConditions.java:232)at org.openqa.selenium.support.ui.ExpectedConditions$8.apply(ExpectedConditions.java:229)at org.openqa.selenium.support.ui.FluentWait.until(FluentWait.java:248)at com.calamp.colt.ui.LoginPage.waitForLoginPageToLoad(LoginPage.java:42)at com.calamp.colt.test.smoke.Login.testLoginTC01(Login.java:28)... Removed 29 stack frames]]>
    </failure>
  </testcase> <!-- testLoginTC01 -->
</testsuite> <!-- Test -->
